<?xml version="1.0" encoding="UTF-8"?>
<testsuite xmlns:xsi="http://www.w3.org/2001/XMLSchema-instance" xsi:noNamespaceSchemaLocation="https://maven.apache.org/surefire/maven-surefire-plugin/xsd/surefire-test-report-3.0.xsd" version="3.0" name="runners.TestRunner" time="39.2" tests="21" errors="0" skipped="0" failures="0">
  <properties>
[...]
</properties>
  <testcase name="Given User go to Tek School page" classname="Scenario: Login to test environment" time="0.003"/>
  <testcase name="And User click on test environment" classname="Scenario: Login to test environment" time="0"/>
  <testcase name="When User see test environment page" classname="Scenario: Login to test environment" time="0"/>
  <testcase name="Then User verify test environment title" classname="Scenario: Login to test environment" time="0"/>
  <testcase name="Scenario: Login to test environment" classname="Scenario: Login to test environment" time="0.797"/>
  <testcase name="Given User go to Tek School page" classname="Scenario: Login to My Account" time="0"/>
  <testcase name="And User click on test environment" classname="Scenario: Login to My Account" time="0"/>
  <testcase name="When User click on myAccount" classname="Scenario: Login to My Account" time="0"/>
  <testcase name="And User select login from dropdown" classname="Scenario: Login to My Account" time="0.001"/>
  <testcase name="Then User should see login page" classname="Scenario: Login to My Account" time="0"/>
  <testcase name="Scenario: Login to My Account" classname="Scenario: Login to My Account" time="0.806"/>
  <testcase name="Given User go to Tek School page" classname="| tek.school001@tek.com | tek@12345 |" time="0"/>
  <testcase name="And User click on test environment" classname="| tek.school001@tek.com | tek@12345 |" time="0"/>
  <testcase name="When User click on myAccount" classname="| tek.school001@tek.com | tek@12345 |" time="0"/>
  <testcase name="And User select login from dropdown" classname="| tek.school001@tek.com | tek@12345 |" time="0"/>
  <testcase name="Then User should see login page" classname="| tek.school001@tek.com | tek@12345 |" time="0"/>
  <testcase name="When User enter username tek.school001@tek.com" classname="| tek.school001@tek.com | tek@12345 |" time="0"/>
  <testcase name="And User enter password tek@12345" classname="| tek.school001@tek.com | tek@12345 |" time="0"/>
  <testcase name="And Click continue button" classname="| tek.school001@tek.com | tek@12345 |" time="0"/>
  <testcase name="Then User should be logged in successfully" classname="| tek.school001@tek.com | tek@12345 |" time="0"/>
  <testcase name="| tek.school001@tek.com | tek@12345 |" classname="| tek.school001@tek.com | tek@12345 |" time="0.827"/>
</testsuite>